<?xml version="1.0" encoding="UTF-8"?>
<testsuite name="TestTheFunctionWith" tests="2" skipped="0" failures="0" errors="0" timestamp="2018-12-20T03:30:31" hostname="D-SEL-00650739" time="0.009">
  <properties/>
  <testcase name="testCreateString" classname="TestTheFunctionWith" time="0.008"/>
  <testcase name="testCreateMap" classname="TestTheFunctionWith" time="0.001"/>
  <system-out><![CDATA[]]></system-out>
  <system-err><![CDATA[]]></system-err>
</testsuite>
