<?xml version="1.0" encoding="UTF-8"?>
<testsuite name="TestMultiAssignment" tests="1" skipped="0" failures="0" errors="0" timestamp="2018-12-14T06:03:07" hostname="DESKTOP-DCV1T3D" time="0.006">
  <properties/>
  <testcase name="testIsLeapDay" classname="TestMultiAssignment" time="0.006"/>
  <system-out><![CDATA[]]></system-out>
  <system-err><![CDATA[]]></system-err>
</testsuite>
