<?xml version="1.0" encoding="UTF-8"?>
<testsuite name="TestInRange" tests="3" skipped="0" failures="0" errors="0" timestamp="2018-12-14T04:06:54" hostname="DESKTOP-DCV1T3D" time="0.008">
  <properties/>
  <testcase name="testAfter" classname="TestInRange" time="0.007"/>
  <testcase name="testBefore" classname="TestInRange" time="0.0"/>
  <testcase name="testInRange" classname="TestInRange" time="0.0"/>
  <system-out><![CDATA[]]></system-out>
  <system-err><![CDATA[]]></system-err>
</testsuite>
