<?xml version="1.0" encoding="UTF-8"?>
<testsuite name="TestHtmlBuilders" tests="2" skipped="0" failures="0" errors="0" timestamp="2018-12-20T23:31:36" hostname="D-SEL-00650739" time="0.048">
  <properties/>
  <testcase name="productTableIsColored" classname="TestHtmlBuilders" time="0.047"/>
  <testcase name="productTableIsFilled" classname="TestHtmlBuilders" time="0.001"/>
  <system-out><![CDATA[]]></system-out>
  <system-err><![CDATA[]]></system-err>
</testsuite>
