<?xml version="1.0" encoding="UTF-8"?>
<testsuite name="TestDelegatesExamples" tests="2" skipped="0" failures="0" errors="0" timestamp="2018-12-20T01:22:05" hostname="D-SEL-00650739" time="0.019">
  <properties/>
  <testcase name="testLazy" classname="TestDelegatesExamples" time="0.017"/>
  <testcase name="initializedOnce" classname="TestDelegatesExamples" time="0.001"/>
  <system-out><![CDATA[]]></system-out>
  <system-err><![CDATA[]]></system-err>
</testsuite>
