<?xml version="1.0" encoding="UTF-8"?>
<testsuite name="TestIntroduction" tests="1" skipped="0" failures="0" errors="0" timestamp="2018-12-16T07:07:39" hostname="DESKTOP-DCV1T3D" time="0.04">
  <properties/>
  <testcase name="testSetOfCustomers" classname="TestIntroduction" time="0.04"/>
  <system-out><![CDATA[]]></system-out>
  <system-err><![CDATA[]]></system-err>
</testsuite>
