<?xml version="1.0" encoding="UTF-8"?>
<testsuite name="TestLambdas" tests="2" skipped="0" failures="0" errors="0" timestamp="2018-12-13T04:28:42" hostname="D-SEL-00650739" time="0.022">
  <properties/>
  <testcase name="contains" classname="TestLambdas" time="0.021"/>
  <testcase name="notContains" classname="TestLambdas" time="0.0"/>
  <system-out><![CDATA[]]></system-out>
  <system-err><![CDATA[]]></system-err>
</testsuite>
