<?xml version="1.0" encoding="UTF-8"?>
<testsuite name="TetLazyProperty" tests="2" skipped="0" failures="0" errors="0" timestamp="2018-12-20T00:52:04" hostname="D-SEL-00650739" time="0.008">
  <properties/>
  <testcase name="testLazy" classname="TetLazyProperty" time="0.006"/>
  <testcase name="initializedOnce" classname="TetLazyProperty" time="0.001"/>
  <system-out><![CDATA[]]></system-out>
  <system-err><![CDATA[]]></system-err>
</testsuite>
