<?xml version="1.0" encoding="UTF-8"?>
<testsuite name="TestStringAndMapBuilders" tests="1" skipped="0" failures="0" errors="0" timestamp="2018-12-20T02:14:17" hostname="D-SEL-00650739" time="0.008">
  <properties/>
  <testcase name="testBuildMap" classname="TestStringAndMapBuilders" time="0.008"/>
  <system-out><![CDATA[]]></system-out>
  <system-err><![CDATA[]]></system-err>
</testsuite>
