<?xml version="1.0" encoding="UTF-8"?>
<testsuite name="TestDataClasses" tests="1" skipped="0" failures="0" errors="0" timestamp="2018-12-13T06:35:50" hostname="D-SEL-00650739" time="0.016">
  <properties/>
  <testcase name="testListOfPeople" classname="TestDataClasses" time="0.016"/>
  <system-out><![CDATA[]]></system-out>
  <system-err><![CDATA[]]></system-err>
</testsuite>
