<?xml version="1.0" encoding="UTF-8"?>
<testsuite name="TestObjectExpressions" tests="1" skipped="0" failures="0" errors="0" timestamp="2018-12-13T11:39:05" hostname="DESKTOP-DCV1T3D" time="0.023">
  <properties/>
  <testcase name="testSort" classname="TestObjectExpressions" time="0.023"/>
  <system-out><![CDATA[]]></system-out>
  <system-err><![CDATA[]]></system-err>
</testsuite>
