<?xml version="1.0" encoding="UTF-8"?>
<testsuite name="TestRangeTo" tests="1" skipped="0" failures="0" errors="0" timestamp="2018-12-14T04:12:10" hostname="DESKTOP-DCV1T3D" time="0.009">
  <properties/>
  <testcase name="testInRange" classname="TestRangeTo" time="0.009"/>
  <system-out><![CDATA[]]></system-out>
  <system-err><![CDATA[]]></system-err>
</testsuite>
