<?xml version="1.0" encoding="UTF-8"?>
<testsuite name="TestSum" tests="1" skipped="0" failures="0" errors="0" timestamp="2018-12-19T12:04:50" hostname="DESKTOP-DCV1T3D" time="0.045">
  <properties/>
  <testcase name="testGetTotalOrderPrice" classname="TestSum" time="0.045"/>
  <system-out><![CDATA[]]></system-out>
  <system-err><![CDATA[]]></system-err>
</testsuite>
