<?xml version="1.0" encoding="UTF-8"?>
<testsuite name="TestFunctions" tests="1" skipped="0" failures="0" errors="0" timestamp="2018-12-13T00:11:34" hostname="D-SEL-00650739" time="0.018">
  <properties/>
  <testcase name="collection" classname="TestFunctions" time="0.018"/>
  <system-out><![CDATA[]]></system-out>
  <system-err><![CDATA[]]></system-err>
</testsuite>
