<?xml version="1.0" encoding="UTF-8"?>
<testsuite name="TestGroupBy" tests="1" skipped="0" failures="0" errors="0" timestamp="2018-12-19T12:07:10" hostname="DESKTOP-DCV1T3D" time="0.04">
  <properties/>
  <testcase name="testGroupCustomersByCity" classname="TestGroupBy" time="0.04"/>
  <system-out><![CDATA[]]></system-out>
  <system-err><![CDATA[]]></system-err>
</testsuite>
