<?xml version="1.0" encoding="UTF-8"?>
<testsuite name="TestInvoke" tests="2" skipped="0" failures="0" errors="0" timestamp="2018-12-16T07:00:06" hostname="DESKTOP-DCV1T3D" time="0.027">
  <properties/>
  <testcase name="testInvokeTwice" classname="TestInvoke" time="0.023"/>
  <testcase name="testNumberOfInvocations" classname="TestInvoke" time="0.003"/>
  <system-out><![CDATA[]]></system-out>
  <system-err><![CDATA[]]></system-err>
</testsuite>
