<?xml version="1.0" encoding="UTF-8"?>
<testsuite name="TestDelegatesHowItWorks" tests="1" skipped="0" failures="0" errors="0" timestamp="2018-12-20T01:30:51" hostname="D-SEL-00650739" time="0.028">
  <properties/>
  <testcase name="testDate" classname="TestDelegatesHowItWorks" time="0.028"/>
  <system-out><![CDATA[]]></system-out>
  <system-err><![CDATA[]]></system-err>
</testsuite>
