<?xml version="1.0" encoding="UTF-8"?>
<testsuite name="TestSamConversions" tests="1" skipped="0" failures="0" errors="0" timestamp="2018-12-13T11:43:03" hostname="DESKTOP-DCV1T3D" time="0.023">
  <properties/>
  <testcase name="testSort" classname="TestSamConversions" time="0.023"/>
  <system-out><![CDATA[]]></system-out>
  <system-err><![CDATA[]]></system-err>
</testsuite>
