<?xml version="1.0" encoding="UTF-8"?>
<testsuite name="TestForLoop" tests="2" skipped="0" failures="0" errors="0" timestamp="2018-12-14T04:49:03" hostname="DESKTOP-DCV1T3D" time="0.032">
  <properties/>
  <testcase name="testIterateOverDateRange" classname="TestForLoop" time="0.031"/>
  <testcase name="testIterateOverEmptyRange" classname="TestForLoop" time="0.001"/>
  <system-out><![CDATA[]]></system-out>
  <system-err><![CDATA[]]></system-err>
</testsuite>
