<?xml version="1.0" encoding="UTF-8"?>
<testsuite name="TestFlatMap" tests="2" skipped="0" failures="0" errors="0" timestamp="2018-12-16T10:07:41" hostname="DESKTOP-DCV1T3D" time="0.048">
  <properties/>
  <testcase name="testGetOrderedProductsSet" classname="TestFlatMap" time="0.045"/>
  <testcase name="testGetAllOrderedProducts" classname="TestFlatMap" time="0.002"/>
  <system-out><![CDATA[]]></system-out>
  <system-err><![CDATA[]]></system-err>
</testsuite>
